<?xml version="1.0" encoding="UTF-8"?>
<testsuite xmlns:xsi="http://www.w3.org/2001/XMLSchema-instance" xsi:noNamespaceSchemaLocation="https://maven.apache.org/surefire/maven-surefire-plugin/xsd/surefire-test-report-3.0.xsd" version="3.0" name="zest.BusTrackerTest" time="0.914" tests="7" errors="0" skipped="0" failures="0">
  <properties>
[...]
</properties>
  <testcase name="Test_MultipleBusesDataReceived_MapLocationUpdated" classname="zest.BusTrackerTest" time="0.811"/>
  <testcase name="Test_MultipleKeyLocationsReached_NotificationsSent" classname="zest.BusTrackerTest" time="0.009"/>
  <testcase name="Test_InitialDataReceived_MapLocationUpdated" classname="zest.BusTrackerTest" time="0.004"/>
  <testcase name="Test_NoDataReceived_MapLocationNotUpdated" classname="zest.BusTrackerTest" time="0.009"/>
  <testcase name="Test_KeyLocationReached_NotificationSent" classname="zest.BusTrackerTest" time="0.01"/>
  <testcase name="Test_MultipleDataReceived_MapLocationUpdated" classname="zest.BusTrackerTest" time="0.003"/>
  <testcase name="Test_NoKeyLocationReached_NoNotificationSent" classname="zest.BusTrackerTest" time="0.002"/>
</testsuite>